0 info it worked if it ends with ok
1 verbose cli [ 'C:\\Program Files\\nodejs\\node.exe',
1 verbose cli   'C:\\Program Files\\nodejs\\node_modules\\npm\\bin\\npm-cli.js',
1 verbose cli   'start' ]
2 info using npm@3.10.10
3 info using node@v7.3.0
4 verbose run-script [ 'prestart', 'start', 'poststart' ]
5 info lifecycle react-seed@1.0.0~prestart: react-seed@1.0.0
6 silly lifecycle react-seed@1.0.0~prestart: no script for prestart, continuing
7 info lifecycle react-seed@1.0.0~start: react-seed@1.0.0
8 verbose lifecycle react-seed@1.0.0~start: unsafe-perm in lifecycle true
9 verbose lifecycle react-seed@1.0.0~start: PATH: C:\Program Files\nodejs\node_modules\npm\bin\node-gyp-bin;C:\Users\Dell\Documents\react\react-seed\node_modules\.bin;C:\Program Files (x86)\Haskell\bin;C:\Program Files (x86)\Haskell Platform\8.0.1\lib\extralibs\bin;C:\Program Files (x86)\Haskell Platform\8.0.1\bin;C:\ProgramData\Oracle\Java\javapath;C:\Windows\system32;C:\Windows;C:\Windows\System32\Wbem;C:\Windows\System32\WindowsPowerShell\v1.0\;C:\Program Files (x86)\Skype\Phone\;C:\Windows\system32\config\systemprofile\.dnx\bin;C:\Program Files\Microsoft DNX\Dnvm\;C:\Program Files (x86)\Haskell Platform\8.0.1\mingw\bin;C:\xampp\php;C:\ProgramData\ComposerSetup\bin;C:\Program Files\Git\cmd;C:\Program Files\nodejs\;C:\Program Files (x86)\Common Files\lenovo\easyplussdk\bin;C:\phpunit;C:\Program Files\MySQL\MySQL Utilities 1.6\;C:\Program Files (x86)\Brackets\command;C:\Users\Dell\AppData\Roaming\cabal\bin;C:\Users\Dell\AppData\Roaming\local\bin;C:\Users\Dell\AppData\Local\Microsoft\WindowsApps;C:\Users\Dell\AppData\Roaming\Composer\vendor\bin;C:\Program Files (x86)\Microsoft VS Code\bin;C:\Users\Dell\AppData\Roaming\npm;C:\Users\Dell\AppData\Roaming\Dashlane\4.6.5.21982\bin\Firefox_Extension\{442718d9-475e-452a-b3e1-fb1ee16b8e9f}\components;C:\Users\Dell\AppData\Roaming\Dashlane\4.6.6.23032\bin\Firefox_Extension\{442718d9-475e-452a-b3e1-fb1ee16b8e9f}\components
10 verbose lifecycle react-seed@1.0.0~start: CWD: C:\Users\Dell\Documents\react\react-seed
11 silly lifecycle react-seed@1.0.0~start: Args: [ '/d /s /c',
11 silly lifecycle   'watchify src/main.jsx -v -t [babelify --presets [ react ] ] -o public/js/main.js' ]
12 silly lifecycle react-seed@1.0.0~start: Returned: code: 3221225786  signal: null
13 info lifecycle react-seed@1.0.0~start: Failed to exec start script
14 verbose stack Error: react-seed@1.0.0 start: `watchify src/main.jsx -v -t [babelify --presets [ react ] ] -o public/js/main.js`
14 verbose stack Exit status 3221225786
14 verbose stack     at EventEmitter.<anonymous> (C:\Program Files\nodejs\node_modules\npm\lib\utils\lifecycle.js:255:16)
14 verbose stack     at emitTwo (events.js:106:13)
14 verbose stack     at EventEmitter.emit (events.js:191:7)
14 verbose stack     at ChildProcess.<anonymous> (C:\Program Files\nodejs\node_modules\npm\lib\utils\spawn.js:40:14)
14 verbose stack     at emitTwo (events.js:106:13)
14 verbose stack     at ChildProcess.emit (events.js:191:7)
14 verbose stack     at maybeClose (internal/child_process.js:885:16)
14 verbose stack     at Process.ChildProcess._handle.onexit (internal/child_process.js:226:5)
15 verbose pkgid react-seed@1.0.0
16 verbose cwd C:\Users\Dell\Documents\react\react-seed
17 error Windows_NT 10.0.14393
18 error argv "C:\\Program Files\\nodejs\\node.exe" "C:\\Program Files\\nodejs\\node_modules\\npm\\bin\\npm-cli.js" "start"
19 error node v7.3.0
20 error npm  v3.10.10
21 error code ELIFECYCLE
22 error react-seed@1.0.0 start: `watchify src/main.jsx -v -t [babelify --presets [ react ] ] -o public/js/main.js`
22 error Exit status 3221225786
23 error Failed at the react-seed@1.0.0 start script 'watchify src/main.jsx -v -t [babelify --presets [ react ] ] -o public/js/main.js'.
23 error Make sure you have the latest version of node.js and npm installed.
23 error If you do, this is most likely a problem with the react-seed package,
23 error not with npm itself.
23 error Tell the author that this fails on your system:
23 error     watchify src/main.jsx -v -t [babelify --presets [ react ] ] -o public/js/main.js
23 error You can get information on how to open an issue for this project with:
23 error     npm bugs react-seed
23 error Or if that isn't available, you can get their info via:
23 error     npm owner ls react-seed
23 error There is likely additional logging output above.
24 verbose exit [ 1, true ]
